c:\users\19528\desktop\tmp\myqtproject3\x64\debug\main.obj
c:\users\19528\desktop\tmp\myqtproject3\x64\debug\menu.obj
c:\users\19528\desktop\tmp\myqtproject3\x64\debug\usermenu.obj
c:\users\19528\desktop\tmp\myqtproject3\x64\debug\qtwindow2class.obj
c:\users\19528\desktop\tmp\myqtproject3\x64\debug\loginwindow2.obj
c:\users\19528\desktop\tmp\myqtproject3\x64\debug\client.obj
c:\users\19528\desktop\tmp\myqtproject3\x64\debug\signinwindow.obj
c:\users\19528\desktop\tmp\myqtproject3\x64\debug\vc142.pdb
c:\users\19528\desktop\tmp\myqtproject3\x64\debug\qrc_myqtproject1.obj
c:\users\19528\desktop\tmp\myqtproject3\x64\debug\moc_signinwindow.obj
c:\users\19528\desktop\tmp\myqtproject3\x64\debug\moc_qtwindow2class.obj
c:\users\19528\desktop\tmp\myqtproject3\x64\debug\moc_usermenu.obj
c:\users\19528\desktop\tmp\myqtproject3\x64\debug\moc_loginwindow2.obj
c:\users\19528\desktop\tmp\myqtproject3\x64\debug\myqtproject1.exe
c:\users\19528\desktop\tmp\myqtproject3\x64\debug\myqtproject1.ilk
c:\users\19528\desktop\tmp\myqtproject3\x64\debug\myqtproject1.pdb
c:\users\19528\desktop\tmp\myqtproject3\x64\debug\moc\moc_qtwindow2class.cpp
c:\users\19528\desktop\tmp\myqtproject3\x64\debug\uic\ui_loginwindow2.h
c:\users\19528\desktop\tmp\myqtproject3\x64\debug\uic\ui_qtwindow2class.h
c:\users\19528\desktop\tmp\myqtproject3\x64\debug\uic\ui_signinwindow.h
c:\users\19528\desktop\tmp\myqtproject3\x64\debug\uic\ui_usermenu.h
c:\users\19528\desktop\tmp\myqtproject3\x64\debug\rcc\qrc_myqtproject1.cpp
c:\users\19528\desktop\tmp\myqtproject3\x64\debug\moc\moc_signinwindow.cpp
c:\users\19528\desktop\tmp\myqtproject3\x64\debug\moc\moc_usermenu.cpp
c:\users\19528\desktop\tmp\myqtproject3\x64\debug\moc\moc_loginwindow2.cpp
c:\users\19528\desktop\tmp\myqtproject3\x64\debug\myqtproject1.tlog\cl.command.1.tlog
c:\users\19528\desktop\tmp\myqtproject3\x64\debug\myqtproject1.tlog\cl.read.1.tlog
c:\users\19528\desktop\tmp\myqtproject3\x64\debug\myqtproject1.tlog\cl.write.1.tlog
c:\users\19528\desktop\tmp\myqtproject3\x64\debug\myqtproject1.tlog\link.command.1.tlog
c:\users\19528\desktop\tmp\myqtproject3\x64\debug\myqtproject1.tlog\link.read.1.tlog
c:\users\19528\desktop\tmp\myqtproject3\x64\debug\myqtproject1.tlog\link.write.1.tlog
c:\users\19528\desktop\tmp\myqtproject3\x64\debug\myqtproject1.tlog\moc.read.1u.tlog
c:\users\19528\desktop\tmp\myqtproject3\x64\debug\myqtproject1.tlog\moc.write.1u.tlog
c:\users\19528\desktop\tmp\myqtproject3\x64\debug\myqtproject1.tlog\myqtproject1.write.1u.tlog
c:\users\19528\desktop\tmp\myqtproject3\x64\debug\myqtproject1.tlog\rcc.read.1u.tlog
c:\users\19528\desktop\tmp\myqtproject3\x64\debug\myqtproject1.tlog\rcc.write.1u.tlog
c:\users\19528\desktop\tmp\myqtproject3\x64\debug\myqtproject1.tlog\uic.read.1u.tlog
c:\users\19528\desktop\tmp\myqtproject3\x64\debug\myqtproject1.tlog\uic.write.1u.tlog
