  Reading Qt configuration (C:/Qt/Qt5.14.2/5.14.2/msvc2017_64/bin/qmake)
  Loginwindow2.cpp
  menu.cpp
  Qtwindow2Class.cpp
  Signinwindow.cpp
  UserMenu.cpp
  client.cpp
  main.cpp
C:\Users\19528\Desktop\tmp\MyQtProject2\Loginwindow2.cpp(1,1): warning C4819: 该文件包含不能在当前代码页(936)中表示的字符。请将该文件保存为 Unicode 格式以防止数据丢失
C:\Users\19528\Desktop\tmp\MyQtProject2\client.cpp(1,1): warning C4819: 该文件包含不能在当前代码页(936)中表示的字符。请将该文件保存为 Unicode 格式以防止数据丢失
C:\Users\19528\Desktop\tmp\MyQtProject2\Signinwindow.cpp(1,1): warning C4819: 该文件包含不能在当前代码页(936)中表示的字符。请将该文件保存为 Unicode 格式以防止数据丢失
C:\Users\19528\Desktop\tmp\MyQtProject2\UserMenu.cpp(1,1): warning C4819: 该文件包含不能在当前代码页(936)中表示的字符。请将该文件保存为 Unicode 格式以防止数据丢失
C:\Users\19528\Desktop\tmp\MyQtProject2\UserMenu.h(1,1): warning C4819: 该文件包含不能在当前代码页(936)中表示的字符。请将该文件保存为 Unicode 格式以防止数据丢失 (编译源文件 UserMenu.cpp)
C:\Users\19528\Desktop\tmp\MyQtProject2\client.cpp(49,12): error C2065: “ret”: 未声明的标识符
C:\Users\19528\Desktop\tmp\MyQtProject2\client.cpp(62,21): error C2065: “buf”: 未声明的标识符
C:\Users\19528\Desktop\tmp\MyQtProject2\client.cpp(67,5): error C2065: “buf”: 未声明的标识符
C:\Users\19528\Desktop\tmp\MyQtProject2\client.cpp(68,24): error C2065: “buf”: 未声明的标识符
C:\Users\19528\Desktop\tmp\MyQtProject2\client.cpp(69,13): error C2065: “buf”: 未声明的标识符
C:\Users\19528\Desktop\tmp\MyQtProject2\client.cpp(69,16): error C2541: “delete”: 不能删除不是指针的对象
C:\Users\19528\Desktop\tmp\MyQtProject2\client.cpp(96,5): error C2144: 语法错误:“int”的前面应有“;”
C:\Users\19528\Desktop\tmp\MyQtProject2\client.cpp(96,9): error C2761: “int TcpSocket::writen(const char *,int)”: 不允许重新声明成员
C:\Users\19528\Desktop\tmp\MyQtProject2\client.cpp(96,16): error C2065: “size”: 未声明的标识符
C:\Users\19528\Desktop\tmp\MyQtProject2\client.cpp(98,21): error C2065: “msg”: 未声明的标识符
C:\Users\19528\Desktop\tmp\MyQtProject2\client.cpp(100,5): error C2059: 语法错误:“while”
C:\Users\19528\Desktop\tmp\MyQtProject2\client.cpp(101,5): error C2143: 语法错误: 缺少“;”(在“{”的前面)
C:\Users\19528\Desktop\tmp\MyQtProject2\client.cpp(101,5): error C2447: “{”: 缺少函数标题(是否是老式的形式表?)
C:\Users\19528\Desktop\tmp\MyQtProject2\client.cpp(112,5): error C2059: 语法错误:“return”
C:\Users\19528\Desktop\tmp\MyQtProject2\client.cpp(113,1): error C2059: 语法错误:“}”
C:\Users\19528\Desktop\tmp\MyQtProject2\client.cpp(113,1): error C2143: 语法错误: 缺少“;”(在“}”的前面)
C:\Users\19528\Desktop\tmp\MyQtProject2\UserMenu.h(1,1): warning C4819: 该文件包含不能在当前代码页(936)中表示的字符。请将该文件保存为 Unicode 格式以防止数据丢失 (编译源文件 Loginwindow2.cpp)
C:\Users\19528\Desktop\tmp\MyQtProject2\UserMenu.h(1,1): warning C4819: 该文件包含不能在当前代码页(936)中表示的字符。请将该文件保存为 Unicode 格式以防止数据丢失 (编译源文件 menu.cpp)
C:\Users\19528\Desktop\tmp\MyQtProject2\UserMenu.h(1,1): warning C4819: 该文件包含不能在当前代码页(936)中表示的字符。请将该文件保存为 Unicode 格式以防止数据丢失 (编译源文件 Qtwindow2Class.cpp)
C:\Users\19528\Desktop\tmp\MyQtProject2\UserMenu.h(1,1): warning C4819: 该文件包含不能在当前代码页(936)中表示的字符。请将该文件保存为 Unicode 格式以防止数据丢失 (编译源文件 main.cpp)
